<?xml version="1.0" encoding="UTF-8"?>
<testng-results ignored="0" total="3" passed="3" failed="0" skipped="0">
  <reporter-output>
  </reporter-output>
  <suite started-at="2023-08-15T06:50:33Z" name="Lume Test Suite" finished-at="2023-08-15T06:53:04Z" duration-ms="151339">
    <groups>
    </groups>
    <test started-at="2023-08-15T06:50:33Z" name="Home page test" finished-at="2023-08-15T06:51:04Z" duration-ms="30897">
      <class name="com.magneto.test.HomePageTest">
        <test-method is-config="true" signature="setUp()[pri:0, instance:com.magneto.test.HomePageTest@67de7a99]" started-at="2023-08-15T06:50:33Z" name="setUp" finished-at="2023-08-15T06:50:46Z" duration-ms="13509" status="PASS">
          <reporter-output>
          </reporter-output>
        </test-method> <!-- setUp -->
        <test-method is-config="true" signature="accPageSetup()[pri:0, instance:com.magneto.test.HomePageTest@67de7a99]" started-at="2023-08-15T06:50:46Z" name="accPageSetup" finished-at="2023-08-15T06:50:47Z" duration-ms="555" status="PASS">
          <reporter-output>
          </reporter-output>
        </test-method> <!-- accPageSetup -->
        <test-method signature="verifyAccountDetailsTest()[pri:1, instance:com.magneto.test.HomePageTest@67de7a99]" started-at="2023-08-15T06:50:47Z" name="verifyAccountDetailsTest" finished-at="2023-08-15T06:50:58Z" duration-ms="11185" status="PASS">
          <reporter-output>
          </reporter-output>
        </test-method> <!-- verifyAccountDetailsTest -->
        <test-method signature="verifyAccountTest()[pri:2, instance:com.magneto.test.HomePageTest@67de7a99]" started-at="2023-08-15T06:50:58Z" name="verifyAccountTest" finished-at="2023-08-15T06:51:04Z" duration-ms="5352" status="PASS">
          <reporter-output>
          </reporter-output>
        </test-method> <!-- verifyAccountTest -->
        <test-method is-config="true" signature="tearDown()[pri:0, instance:com.magneto.test.HomePageTest@67de7a99]" started-at="2023-08-15T06:51:04Z" name="tearDown" finished-at="2023-08-15T06:51:04Z" duration-ms="174" status="PASS">
          <reporter-output>
          </reporter-output>
        </test-method> <!-- tearDown -->
      </class> <!-- com.magneto.test.HomePageTest -->
    </test> <!-- Home page test -->
    <test started-at="2023-08-15T06:50:33Z" name="Login Page test" finished-at="2023-08-15T06:53:04Z" duration-ms="151339">
      <class name="com.magneto.test.LoginTest">
        <test-method is-config="true" signature="setUp()[pri:0, instance:com.magneto.test.LoginTest@28bdbe88]" started-at="2023-08-15T06:50:33Z" name="setUp" finished-at="2023-08-15T06:50:47Z" duration-ms="13872" status="PASS">
          <reporter-output>
          </reporter-output>
        </test-method> <!-- setUp -->
        <test-method signature="loginTest()[pri:1, instance:com.magneto.test.LoginTest@28bdbe88]" started-at="2023-08-15T06:50:47Z" name="loginTest" finished-at="2023-08-15T06:53:04Z" duration-ms="137201" status="PASS">
          <reporter-output>
          </reporter-output>
        </test-method> <!-- loginTest -->
        <test-method is-config="true" signature="tearDown()[pri:0, instance:com.magneto.test.LoginTest@28bdbe88]" started-at="2023-08-15T06:53:04Z" name="tearDown" finished-at="2023-08-15T06:53:04Z" duration-ms="228" status="PASS">
          <reporter-output>
          </reporter-output>
        </test-method> <!-- tearDown -->
      </class> <!-- com.magneto.test.LoginTest -->
    </test> <!-- Login Page test -->
  </suite> <!-- Lume Test Suite -->
</testng-results>
