<?xml version="1.0" encoding="UTF-8"?>
<testsuite xmlns:xsi="http://www.w3.org/2001/XMLSchema-instance" xsi:noNamespaceSchemaLocation="https://maven.apache.org/surefire/maven-surefire-plugin/xsd/surefire-test-report-3.0.xsd" version="3.0" name="TestSuite" time="157.756" tests="3" errors="0" skipped="0" failures="0">
  <properties>
[...]
</properties>
  <testcase name="verifyAccountDetailsTest" classname="com.magneto.test.HomePageTest" time="11.186">
    <system-out><![CDATA[...
... TestNG 6.14.3 by Cédric Beust (cedric@beust.com)
...

Test Suite started!
Test Suite started!
I am in onStart method Home page test
I am in onStart method Login Page test
loginTest started!
I am in onTestStart method loginTest start
verifyAccountDetailsTest started!
I am in onTestStart method verifyAccountDetailsTest start
]]></system-out>
    <system-err><![CDATA[SLF4J: No SLF4J providers were found.
SLF4J: Defaulting to no-operation (NOP) logger implementation
SLF4J: See https://www.slf4j.org/codes.html#noProviders for further details.
SSttaarrttiinngg  CChhrroommeeDDrriivveerr  111144..00..55773355..9900  ((338866bbcc0099ee88f4ff42fe20e2052e5deddadea1e21233ff363f6f6622636039069a6aee4499--rreeffss//bbrraanncchh--hheeaaddss//55773355@@{{##11005522}}))  oonn  ppoorrtt  2321088883

OnOlny lloyc alloc aclo ncnoencntecitoinosn sa raer ea lallolwoedwe.d
.
PPlleaesaes es ese ehtetp sh:ttp/s/:c/h/rcohmerdormievderri.vcehrr.ocmhiruomm.iourmg./osergc/usreictuy-rciotnys-icdoernastiidoenrsa tfioorn ss ufgogre sstuigogness toin okens eopn inkge eChrpoimnegD rCihvreorm esDarfiev.e
r safe.
CChhrroommeeDDrriivveerr  wwaass  ssttaarrtteedd  ssuucccceessssffuulllyl.y
.
[1692082242.265][WARNING]: This version of ChromeDriver has not been tested with Chrome version 115.
[1692082242.612][WARNING]: This version of ChromeDriver has not been tested with Chrome version 115.
Aug 15, 2023 12:20:42 PM org.openqa.selenium.devtools.CdpVersionFinder findNearestMatch
WARNING: Unable to find an exact match for CDP version 115, so returning the closest version found: 111
Aug 15, 2023 12:20:42 PM org.openqa.selenium.devtools.CdpVersionFinder findNearestMatch
WARNING: Unable to find an exact match for CDP version 115, so returning the closest version found: 111
]]></system-err>
  </testcase>
  <testcase name="verifyAccountTest" classname="com.magneto.test.HomePageTest" time="5.352">
    <system-out><![CDATA[verifyAccountDetailsTest passed!
I am in onTestSuccess method verifyAccountDetailsTest succeed
verifyAccountTest started!
I am in onTestStart method verifyAccountTest start
]]></system-out>
  </testcase>
  <testcase name="loginTest" classname="com.magneto.test.LoginTest" time="125.741">
    <system-out><![CDATA[verifyAccountTest passed!
I am in onTestSuccess method verifyAccountTest succeed
Test Suite is ending!
I am in onFinish method Home page test
]]></system-out>
    <system-err><![CDATA[Aug 15, 2023 12:21:04 PM org.openqa.selenium.remote.http.WebSocket$Listener onError
WARNING: Connection reset
java.net.SocketException: Connection reset
	at java.base/sun.nio.ch.SocketChannelImpl.throwConnectionReset(SocketChannelImpl.java:401)
	at java.base/sun.nio.ch.SocketChannelImpl.read(SocketChannelImpl.java:434)
	at io.netty.buffer.PooledByteBuf.setBytes(PooledByteBuf.java:256)
	at io.netty.buffer.AbstractByteBuf.writeBytes(AbstractByteBuf.java:1132)
	at io.netty.channel.socket.nio.NioSocketChannel.doReadBytes(NioSocketChannel.java:357)
	at io.netty.channel.nio.AbstractNioByteChannel$NioByteUnsafe.read(AbstractNioByteChannel.java:151)
	at io.netty.channel.nio.NioEventLoop.processSelectedKey(NioEventLoop.java:788)
	at io.netty.channel.nio.NioEventLoop.processSelectedKeysOptimized(NioEventLoop.java:724)
	at io.netty.channel.nio.NioEventLoop.processSelectedKeys(NioEventLoop.java:650)
	at io.netty.channel.nio.NioEventLoop.run(NioEventLoop.java:562)
	at io.netty.util.concurrent.SingleThreadEventExecutor$4.run(SingleThreadEventExecutor.java:997)
	at io.netty.util.internal.ThreadExecutorMap$2.run(ThreadExecutorMap.java:74)
	at io.netty.util.concurrent.FastThreadLocalRunnable.run(FastThreadLocalRunnable.java:30)
	at java.base/java.lang.Thread.run(Thread.java:1623)

log4j:WARN No appenders could be found for logger (freemarker.cache).
log4j:WARN Please initialize the log4j system properly.
]]></system-err>
  </testcase>
</testsuite>